<?xml version="1.0" encoding="UTF-8"?>
<!-- Generated by org.testng.reporters.JUnitXMLReporter -->
<testsuite hostname="LAPTOP-KKU6G5Q2" ignored="0" name="Default test" tests="7" failures="0" timestamp="2021-11-29T21:51:51 IST" time="8.697" errors="0">
  <testcase name="login_1" time="0.156" classname="org_testng.com.Testng_Runner"/>
  <testcase name="login_Password" time="0.084" classname="org_testng.com.Testng_Runner"/>
  <testcase name="login_Clickbtn" time="1.658" classname="org_testng.com.Testng_Runner"/>
  <testcase name="search_Hotel" time="0.989" classname="org_testng.com.Testng_Runner"/>
  <testcase name="ad" time="0.929" classname="org_testng.com.Testng_Runner"/>
  <testcase name="search_Hotel_1" time="0.578" classname="org_testng.com.Testng_Runner"/>
  <testcase name="book_Hotel" time="4.229" classname="org_testng.com.Testng_Runner"/>
</testsuite> <!-- Default test -->
