<?xml version="1.0" encoding="UTF-8"?>
<testng-results skipped="0" failed="0" ignored="0" total="7" passed="7">
  <reporter-output>
  </reporter-output>
  <suite name="Default suite" duration-ms="8697" started-at="2021-11-29T21:51:42 IST" finished-at="2021-11-29T21:51:51 IST">
    <groups>
    </groups>
    <test name="Default test" duration-ms="8697" started-at="2021-11-29T21:51:42 IST" finished-at="2021-11-29T21:51:51 IST">
      <class name="org_testng.com.Testng_Runner">
        <test-method status="PASS" signature="broswer_Launch()[pri:0, instance:org_testng.com.Testng_Runner@4bd31064]" name="broswer_Launch" is-config="true" duration-ms="1091" started-at="2021-11-29T21:51:41 IST" finished-at="2021-11-29T21:51:42 IST">
          <reporter-output>
          </reporter-output>
        </test-method> <!-- broswer_Launch -->
        <test-method status="PASS" signature="login_1(java.lang.String)[pri:0, instance:org_testng.com.Testng_Runner@4bd31064]" name="login_1" duration-ms="156" started-at="2021-11-29T21:51:42 IST" finished-at="2021-11-29T21:51:42 IST">
          <params>
            <param index="0">
              <value>
                <![CDATA[pricilla]]>
              </value>
            </param>
          </params>
          <reporter-output>
          </reporter-output>
        </test-method> <!-- login_1 -->
        <test-method status="PASS" signature="login_Password()[pri:1, instance:org_testng.com.Testng_Runner@4bd31064]" name="login_Password" duration-ms="84" started-at="2021-11-29T21:51:42 IST" finished-at="2021-11-29T21:51:42 IST">
          <reporter-output>
          </reporter-output>
        </test-method> <!-- login_Password -->
        <test-method status="PASS" signature="login_Clickbtn()[pri:2, instance:org_testng.com.Testng_Runner@4bd31064]" name="login_Clickbtn" duration-ms="1658" started-at="2021-11-29T21:51:42 IST" finished-at="2021-11-29T21:51:44 IST">
          <reporter-output>
          </reporter-output>
        </test-method> <!-- login_Clickbtn -->
        <test-method status="PASS" signature="search_Hotel()[pri:3, instance:org_testng.com.Testng_Runner@4bd31064]" name="search_Hotel" duration-ms="989" started-at="2021-11-29T21:51:44 IST" finished-at="2021-11-29T21:51:45 IST">
          <reporter-output>
          </reporter-output>
        </test-method> <!-- search_Hotel -->
        <test-method status="PASS" signature="ad()[pri:4, instance:org_testng.com.Testng_Runner@4bd31064]" name="ad" duration-ms="929" started-at="2021-11-29T21:51:45 IST" finished-at="2021-11-29T21:51:46 IST">
          <reporter-output>
          </reporter-output>
        </test-method> <!-- ad -->
        <test-method status="PASS" signature="search_Hotel_1()[pri:5, instance:org_testng.com.Testng_Runner@4bd31064]" name="search_Hotel_1" duration-ms="578" started-at="2021-11-29T21:51:46 IST" finished-at="2021-11-29T21:51:47 IST">
          <reporter-output>
          </reporter-output>
        </test-method> <!-- search_Hotel_1 -->
        <test-method status="PASS" signature="book_Hotel()[pri:6, instance:org_testng.com.Testng_Runner@4bd31064]" name="book_Hotel" duration-ms="4229" started-at="2021-11-29T21:51:47 IST" finished-at="2021-11-29T21:51:51 IST">
          <reporter-output>
          </reporter-output>
        </test-method> <!-- book_Hotel -->
        <test-method status="PASS" signature="no_Check()[pri:0, instance:org_testng.com.Testng_Runner@4bd31064]" name="no_Check" is-config="true" duration-ms="6415" started-at="2021-11-29T21:51:51 IST" finished-at="2021-11-29T21:51:57 IST">
          <reporter-output>
          </reporter-output>
        </test-method> <!-- no_Check -->
      </class> <!-- org_testng.com.Testng_Runner -->
    </test> <!-- Default test -->
  </suite> <!-- Default suite -->
</testng-results>
